error	 2023-01-04 11:19:47 	 something went wrong, please try again later
error	 2023-01-04 11:20:07 	 something went wrong, please try again later
error	 2023-01-04 11:20:09 	 something went wrong, please try again later
error	 2023-01-04 11:20:11 	 something went wrong, please try again later
error	 2023-01-04 11:21:06 	 something went wrong, please try again later
error	 2023-01-04 11:21:46 	 invalid details, please try again
error	 2023-01-04 11:22:13 	 route not found!
error	 2023-01-04 11:22:27 	 route not found!
error	 2023-01-04 11:23:58 	 invalid details, please try again
error	 2023-01-04 11:27:11 	 route not found!
error	 2023-01-04 11:27:24 	 invalid details, please try again
error	 2023-01-04 11:42:05 	 no users found
error	 2023-01-04 11:42:26 	 no users found
error	 2023-01-04 11:43:00 	 no users found
error	 2023-01-04 11:43:28 	 no users found
error	 2023-01-04 11:43:36 	 no users found
error	 2023-01-04 11:44:07 	 no users found
error	 2023-01-04 11:44:23 	 no users found
error	 2023-01-04 11:44:24 	 no users found
error	 2023-01-04 11:44:34 	 no users found
error	 2023-01-04 11:45:00 	 no users found
error	 2023-01-04 11:45:17 	 no users found
error	 2023-01-04 11:45:36 	 no users found
error	 2023-01-04 11:45:50 	 no users found
error	 2023-01-04 11:45:52 	 no users found
error	 2023-01-04 11:46:06 	 no users found
error	 2023-01-04 11:46:06 	 no users found
error	 2023-01-04 11:46:18 	 no users found
error	 2023-01-04 11:47:40 	 route not found!
error	 2023-01-04 11:52:07 	 route not found!
error	 2023-01-04 11:52:21 	 no users found
error	 2023-01-04 11:53:07 	 no users found
error	 2023-01-04 11:53:28 	 no users found
error	 2023-01-04 11:53:35 	 no users found
error	 2023-01-04 11:54:03 	 no users found
error	 2023-01-04 11:54:07 	 no users found
error	 2023-01-04 11:54:10 	 no users found
error	 2023-01-04 11:54:15 	 no users found
error	 2023-01-04 11:54:23 	 no users found
error	 2023-01-04 11:54:27 	 no users found
error	 2023-01-04 11:54:41 	 no users found
error	 2023-01-04 12:50:21 	 something went wrong, please try again later
error	 2023-01-04 12:50:48 	 something went wrong, please try again later
error	 2023-01-04 12:50:51 	 something went wrong, please try again later
error	 2023-01-04 12:50:58 	 something went wrong, please try again later
error	 2023-01-04 12:54:22 	 something went wrong, please try again later
error	 2023-01-04 12:55:24 	 something went wrong, please try again later
error	 2023-01-04 01:18:15 	 getaddrinfo ENOTFOUND mysql
error	 2023-01-04 01:20:08 	 route not found!
error	 2023-01-04 01:25:01 	 no vacations found
error	 2023-01-04 01:25:27 	 no vacations found
error	 2023-01-04 01:25:36 	 no vacations found
error	 2023-01-04 01:26:41 	 no vacations found
error	 2023-01-04 01:26:45 	 no vacations found
error	 2023-01-04 01:27:04 	 no vacations found
error	 2023-01-04 01:27:13 	 no vacations found
error	 2023-01-04 01:27:21 	 no vacations found
error	 2023-01-04 01:27:46 	 no vacations found
error	 2023-01-04 01:27:54 	 no vacations found
error	 2023-01-04 01:28:04 	 no vacations found
error	 2023-01-04 01:28:08 	 no vacations found
error	 2023-01-04 01:28:16 	 no vacations found
error	 2023-01-04 01:28:31 	 no vacations found
error	 2023-01-04 01:28:52 	 no vacations found
error	 2023-01-04 01:30:17 	 no vacations found
error	 2023-01-04 01:30:26 	 no vacations found
error	 2023-01-04 01:30:29 	 no vacations found
error	 2023-01-04 01:30:30 	 no vacations found
error	 2023-01-04 01:30:31 	 no vacations found
error	 2023-01-04 01:30:38 	 no vacations found
error	 2023-01-04 01:30:44 	 no vacations found
error	 2023-01-04 01:30:53 	 no vacations found
error	 2023-01-04 01:31:09 	 route not found!
error	 2023-01-04 01:31:13 	 no vacations found
error	 2023-01-04 01:32:20 	 no vacations found
error	 2023-01-04 01:37:42 	 no vacations found
error	 2023-01-04 01:38:31 	 no vacations found
error	 2023-01-04 01:40:27 	 wrong details!
error	 2023-01-04 01:51:07 	 route not found!
error	 2023-01-04 01:51:12 	 getaddrinfo ENOTFOUND mysql
error	 2023-01-04 01:51:14 	 getaddrinfo ENOTFOUND mysql
error	 2023-01-04 01:51:36 	 route not found!
error	 2023-01-04 01:51:40 	 getaddrinfo ENOTFOUND mysql
error	 2023-01-04 01:51:43 	 getaddrinfo ENOTFOUND mysql
error	 2023-01-04 01:51:52 	 getaddrinfo ENOTFOUND mysql
error	 2023-01-04 01:52:30 	 route not found!
error	 2023-01-04 01:52:30 	 route not found!
error	 2023-01-04 01:52:55 	 route not found!
error	 2023-01-04 01:52:55 	 route not found!
error	 2023-01-04 02:28:47 	 Access denied for user ''@'localhost' (using password: NO)
error	 2023-01-04 02:33:40 	 Access denied for user ''@'localhost' (using password: NO)
error	 2023-01-04 02:35:41 	 Access denied for user ''@'localhost' (using password: NO)
error	 2023-01-04 02:37:13 	 Access denied for user ''@'localhost' (using password: NO)
error	 2023-01-04 02:39:41 	 Access denied for user ''@'localhost' (using password: NO)
error	 2023-01-04 02:41:51 	 route not found!
error	 2023-01-04 02:42:05 	 route not found!
error	 2023-01-04 04:40:03 	 wrong details!
error	 2023-01-04 04:41:19 	 wrong details!
error	 2023-01-04 07:53:50 	 getaddrinfo ENOTFOUND mysql
error	 2023-01-04 07:59:42 	 getaddrinfo ENOTFOUND mysql
error	 2023-01-04 10:02:49 	 getaddrinfo ENOTFOUND mysql
error	 2023-01-04 10:17:25 	 route not found!
error	 2023-01-04 10:17:26 	 route not found!
error	 2023-01-01 01:38:35 	 no vacations found
error	 2023-01-01 01:44:33 	 no vacations found
error	 2023-01-01 03:57:19 	 route not found!
error	 2023-01-01 03:57:20 	 route not found!
error	 2023-01-01 03:57:20 	 route not found!
error	 2023-01-01 03:57:20 	 route not found!
error	 2023-01-01 03:57:20 	 route not found!
error	 2023-01-01 03:57:20 	 route not found!
error	 2023-01-01 03:57:20 	 route not found!
error	 2023-01-01 03:57:20 	 route not found!
error	 2023-01-01 03:57:20 	 route not found!
error	 2023-01-01 03:57:20 	 route not found!
error	 2023-01-01 03:57:20 	 route not found!
error	 2023-01-01 03:57:20 	 route not found!
error	 2023-01-01 03:57:43 	 route not found!
error	 2023-01-01 03:57:43 	 route not found!
error	 2023-01-01 03:57:43 	 route not found!
error	 2023-01-01 03:57:43 	 route not found!
error	 2023-01-01 03:57:43 	 route not found!
error	 2023-01-01 03:57:43 	 route not found!
error	 2023-01-01 03:57:43 	 route not found!
error	 2023-01-01 03:57:43 	 route not found!
error	 2023-01-01 03:57:47 	 route not found!
error	 2023-01-01 03:57:47 	 route not found!
error	 2023-01-01 03:57:47 	 route not found!
error	 2023-01-01 03:57:47 	 route not found!
error	 2023-01-01 03:57:47 	 route not found!
error	 2023-01-01 03:57:47 	 route not found!
error	 2023-01-01 03:57:47 	 route not found!
error	 2023-01-01 03:57:49 	 route not found!
error	 2023-01-01 03:57:49 	 route not found!
error	 2023-01-01 03:57:49 	 route not found!
error	 2023-01-01 03:57:49 	 route not found!
error	 2023-01-01 03:57:49 	 route not found!
error	 2023-01-01 03:57:49 	 route not found!
error	 2023-01-01 03:57:49 	 route not found!
error	 2023-01-01 03:58:12 	 route not found!
error	 2023-01-01 03:58:13 	 route not found!
error	 2023-01-01 03:58:20 	 invalid details, please try again
error	 2023-01-01 03:58:57 	 route not found!
error	 2023-01-01 03:59:00 	 route not found!
error	 2023-01-01 03:59:02 	 route not found!
error	 2023-01-01 03:59:03 	 route not found!
error	 2023-01-01 03:59:12 	 invalid details, please try again
error	 2023-01-01 03:59:14 	 route not found!
error	 2023-01-01 03:59:18 	 route not found!
error	 2023-01-01 03:59:20 	 route not found!
error	 2023-01-01 03:59:32 	 invalid details, please try again
error	 2023-01-01 04:00:38 	 no vacations found
error	 2023-01-01 04:00:38 	 no vacations found
error	 2023-01-01 04:01:28 	 no vacations found
error	 2023-01-01 04:01:28 	 no vacations found
error	 2023-01-01 04:02:30 	 no vacations found
error	 2023-01-01 04:02:30 	 no vacations found
error	 2023-01-01 04:02:30 	 no vacations found
error	 2023-01-01 04:02:41 	 no vacations found
error	 2023-01-01 04:02:58 	 no vacations found
error	 2023-01-01 04:03:07 	 no vacations found
error	 2023-01-01 04:03:07 	 no vacations found
error	 2023-01-01 04:03:40 	 no vacations found
error	 2023-01-01 04:03:48 	 no vacations found
error	 2023-01-01 04:04:03 	 no vacations found
error	 2023-01-01 04:04:59 	 no vacations found
error	 2023-01-01 04:05:00 	 no vacations found
error	 2023-01-01 04:05:00 	 no vacations found
error	 2023-01-01 04:05:25 	 no vacations found
error	 2023-01-01 04:05:25 	 no vacations found
error	 2023-01-01 04:07:43 	 no vacations found
error	 2023-01-01 04:08:35 	 no vacations found
